Performing C SOURCE FILE Test CMAKE_HAVE_LIBC_PTHREAD failed with the following output:
Change Dir: /home/koji/dvs/localization/src/ceres_optim/build/CMakeFiles/CMakeTmp

Run Build Command(s):/usr/bin/make cmTC_559c6/fast && /usr/bin/make  -f CMakeFiles/cmTC_559c6.dir/build.make CMakeFiles/cmTC_559c6.dir/build
make[1]: Entering directory '/home/koji/dvs/localization/src/ceres_optim/build/CMakeFiles/CMakeTmp'
Building C object CMakeFiles/cmTC_559c6.dir/src.c.o
/usr/bin/cc   -DCMAKE_HAVE_LIBC_PTHREAD -o CMakeFiles/cmTC_559c6.dir/src.c.o -c /home/koji/dvs/localization/src/ceres_optim/build/CMakeFiles/CMakeTmp/src.c
Linking C executable cmTC_559c6
/usr/local/bin/cmake -E cmake_link_script CMakeFiles/cmTC_559c6.dir/link.txt --verbose=1
/usr/bin/cc  -DCMAKE_HAVE_LIBC_PTHREAD -rdynamic CMakeFiles/cmTC_559c6.dir/src.c.o -o cmTC_559c6 
CMakeFiles/cmTC_559c6.dir/src.c.o: In function `main':
src.c:(.text+0x3c): undefined reference to `pthread_create'
src.c:(.text+0x48): undefined reference to `pthread_detach'
src.c:(.text+0x54): undefined reference to `pthread_cancel'
src.c:(.text+0x65): undefined reference to `pthread_join'
src.c:(.text+0x79): undefined reference to `pthread_atfork'
collect2: error: ld returned 1 exit status
CMakeFiles/cmTC_559c6.dir/build.make:105: recipe for target 'cmTC_559c6' failed
make[1]: *** [cmTC_559c6] Error 1
make[1]: Leaving directory '/home/koji/dvs/localization/src/ceres_optim/build/CMakeFiles/CMakeTmp'
Makefile:140: recipe for target 'cmTC_559c6/fast' failed
make: *** [cmTC_559c6/fast] Error 2


Source file was:
#include <pthread.h>

void* test_func(void* data)
{
  return data;
}

int main(void)
{
  pthread_t thread;
  pthread_create(&thread, NULL, test_func, NULL);
  pthread_detach(thread);
  pthread_cancel(thread);
  pthread_join(thread, NULL);
  pthread_atfork(NULL, NULL, NULL);
  pthread_exit(NULL);

  return 0;
}

Determining if the function pthread_create exists in the pthreads failed with the following output:
Change Dir: /home/koji/dvs/localization/src/ceres_optim/build/CMakeFiles/CMakeTmp

Run Build Command(s):/usr/bin/make cmTC_da015/fast && /usr/bin/make  -f CMakeFiles/cmTC_da015.dir/build.make CMakeFiles/cmTC_da015.dir/build
make[1]: Entering directory '/home/koji/dvs/localization/src/ceres_optim/build/CMakeFiles/CMakeTmp'
Building C object CMakeFiles/cmTC_da015.dir/CheckFunctionExists.c.o
/usr/bin/cc   -DCHECK_FUNCTION_EXISTS=pthread_create -o CMakeFiles/cmTC_da015.dir/CheckFunctionExists.c.o -c /usr/local/share/cmake-3.18/Modules/CheckFunctionExists.c
Linking C executable cmTC_da015
/usr/local/bin/cmake -E cmake_link_script CMakeFiles/cmTC_da015.dir/link.txt --verbose=1
/usr/bin/cc  -DCHECK_FUNCTION_EXISTS=pthread_create -rdynamic CMakeFiles/cmTC_da015.dir/CheckFunctionExists.c.o -o cmTC_da015  -lpthreads 
/usr/bin/ld: cannot find -lpthreads
collect2: error: ld returned 1 exit status
CMakeFiles/cmTC_da015.dir/build.make:105: recipe for target 'cmTC_da015' failed
make[1]: *** [cmTC_da015] Error 1
make[1]: Leaving directory '/home/koji/dvs/localization/src/ceres_optim/build/CMakeFiles/CMakeTmp'
Makefile:140: recipe for target 'cmTC_da015/fast' failed
make: *** [cmTC_da015/fast] Error 2



